<?xml version="1.0" encoding="UTF-8"?>
<!-- Generated by org.testng.reporters.JUnitXMLReporter -->
<testsuite hostname="W10ZDQA0001" ignored="0" name="Default test" tests="1" failures="1" timestamp="2020-08-31T17:10:12 IST" time="1.215" errors="0">
  <testcase name="feature" time="0.695" classname="com.zifautomation.TestRunner.TestRunner">
    <failure type="java.lang.NullPointerException">
      <![CDATA[java.lang.NullPointerException
at com.zifautomation.Listeners.ExtentReportListener.testStepHandle(ExtentReportListener.java:78)
at com.zifautomation.StepDef.LoginScenario.open_Chrome_browser_with_URL(LoginScenario.java:53)
at ✽.Open Chrome browser with URL(features/CMPPortal.feature:8)
]]>
    </failure>
  </testcase> <!-- feature -->
</testsuite> <!-- Default test -->
