<?xml version="1.0" encoding="UTF-8"?>
<testng-results skipped="0" failed="0" ignored="0" total="1" passed="1">
  <reporter-output>
  </reporter-output>
  <suite name="Automation Test Report" duration-ms="50238" started-at="2020-09-10T19:06:10 IST" finished-at="2020-09-10T19:07:00 IST">
    <groups>
    </groups>
    <test name="ZIF UI Automation Test Report" duration-ms="50238" started-at="2020-09-10T19:06:10 IST" finished-at="2020-09-10T19:07:00 IST">
      <class name="com.zifautomation.TestCases.ZIFUI_Testcases102">
        <test-method status="PASS" signature="extentReportSetup()[pri:0, instance:com.zifautomation.TestCases.ZIFUI_Testcases102@6a396c1e]" name="extentReportSetup" is-config="true" duration-ms="243" started-at="2020-09-10T19:06:10 IST" finished-at="2020-09-10T19:06:10 IST">
          <reporter-output>
          </reporter-output>
        </test-method> <!-- extentReportSetup -->
        <test-method status="PASS" signature="initializeTestBaseSetup(java.lang.String)[pri:0, instance:com.zifautomation.TestCases.ZIFUI_Testcases102@6a396c1e]" name="initializeTestBaseSetup" is-config="true" duration-ms="23737" started-at="2020-09-10T19:06:11 IST" finished-at="2020-09-10T19:06:34 IST">
          <params>
            <param index="0">
              <value>
                <![CDATA[ZIFAIPortal]]>
              </value>
            </param>
          </params>
          <reporter-output>
          </reporter-output>
        </test-method> <!-- initializeTestBaseSetup -->
        <test-method status="PASS" signature="ZIFUICase_Management_Suppression()[pri:0, instance:com.zifautomation.TestCases.ZIFUI_Testcases102@6a396c1e]" name="ZIFUICase_Management_Suppression" duration-ms="24029" started-at="2020-09-10T19:06:34 IST" finished-at="2020-09-10T19:06:58 IST">
          <reporter-output>
          </reporter-output>
        </test-method> <!-- ZIFUICase_Management_Suppression -->
        <test-method status="PASS" signature="getResult(org.testng.ITestResult)[pri:0, instance:com.zifautomation.TestCases.ZIFUI_Testcases102@6a396c1e]" name="getResult" is-config="true" duration-ms="907" started-at="2020-09-10T19:06:58 IST" finished-at="2020-09-10T19:06:59 IST">
          <params>
            <param index="0">
              <value>
                <![CDATA[[TestResult name=ZIFUICase_Management_Suppression status=SUCCESS method=ZIFUI_Testcases102.ZIFUICase_Management_Suppression()[pri:0, instance:com.zifautomation.TestCases.ZIFUI_Testcases102@6a396c1e] output={null}]]]>
              </value>
            </param>
          </params>
          <reporter-output>
          </reporter-output>
        </test-method> <!-- getResult -->
        <test-method status="PASS" signature="endReport()[pri:0, instance:com.zifautomation.TestCases.ZIFUI_Testcases102@6a396c1e]" name="endReport" is-config="true" duration-ms="1256" started-at="2020-09-10T19:06:59 IST" finished-at="2020-09-10T19:07:00 IST">
          <reporter-output>
          </reporter-output>
        </test-method> <!-- endReport -->
      </class> <!-- com.zifautomation.TestCases.ZIFUI_Testcases102 -->
    </test> <!-- ZIF UI Automation Test Report -->
  </suite> <!-- Automation Test Report -->
</testng-results>
