<?xml version="1.0" encoding="UTF-8"?>
<!-- Generated by org.testng.reporters.JUnitXMLReporter -->
<testsuite hostname="DESKTOP-KHRC35D" ignored="0" name="Default test" tests="2" failures="0" timestamp="08 Sep 2019 07:55:46 GMT" time="27.143" errors="0">
  <testcase name="runTC001" time="0.982" classname="org.testleaf.leaftaps.testcases.TC001_LoginLogout"/>
  <testcase name="runTC001" time="1.128" classname="org.testleaf.leaftaps.testcases.TC001_LoginLogout"/>
</testsuite> <!-- Default test -->
