<?xml version="1.0" encoding="UTF-8"?>
<!-- Generated by org.testng.reporters.JUnitXMLReporter -->
<testsuite hostname="W10ZDQA0001" ignored="0" name="Automation Test Report" tests="3" failures="0" timestamp="2020-09-01T19:11:26 IST" time="91.583" errors="0">
  <testcase name="feature" time="33.933" classname="com.zifautomation.TestRunner.TestRunner"/>
  <testcase name="feature" time="27.266" classname="com.zifautomation.TestRunner.TestRunner"/>
  <testcase name="feature" time="29.658" classname="com.zifautomation.TestRunner.TestRunner"/>
</testsuite> <!-- Automation Test Report -->
